2024-06-24 18:08:06,499 p=3444395 u=upszot n=ansible | [WARNING]: A duplicate localhost-like entry was found (localhost). First found localhost was 127.0.0.1

2024-06-24 18:08:06,598 p=3444395 u=upszot n=ansible | PLAY [all] **********************************************************************************************************************************************************************************************************************************
2024-06-24 18:08:06,609 p=3444395 u=upszot n=ansible | TASK [Gathering Facts] **********************************************************************************************************************************************************************************************************************
2024-06-24 18:08:07,746 p=3444395 u=upszot n=ansible | ok: [localhost]
2024-06-24 18:08:07,775 p=3444395 u=upszot n=ansible | TASK [include_role : 2do_parcial] ***********************************************************************************************************************************************************************************************************
2024-06-24 18:08:07,805 p=3444395 u=upszot n=ansible | TASK [2do_parcial : debug] ******************************************************************************************************************************************************************************************************************
2024-06-24 18:08:07,817 p=3444395 u=upszot n=ansible | ok: [localhost] => {
    "msg": "Tareas del 2do Parcial"
}
2024-06-24 18:08:07,836 p=3444395 u=upszot n=ansible | TASK [Otra tarea] ***************************************************************************************************************************************************************************************************************************
2024-06-24 18:08:07,851 p=3444395 u=upszot n=ansible | ok: [localhost] => {
    "msg": "Despues de la ejecucion del rol"
}
2024-06-24 18:08:07,885 p=3444395 u=upszot n=ansible | PLAY RECAP **********************************************************************************************************************************************************************************************************************************
2024-06-24 18:08:07,885 p=3444395 u=upszot n=ansible | localhost                  : ok=3    changed=0    unreachable=0    failed=0    skipped=0    rescued=0    ignored=0   
2024-11-16 18:13:05,558 p=14675 u=thiagoduda n=ansible | [WARNING]: Unable to parse /home/thiagoduda/repogit/UTN-
FRA_SO_Examenes/202406/ansible/inventario as an inventory source

2024-11-16 18:13:05,563 p=14675 u=thiagoduda n=ansible | [WARNING]: No inventory was parsed, only implicit localhost is available

2024-11-16 18:13:05,578 p=14675 u=thiagoduda n=ansible | [WARNING]: provided hosts list is empty, only localhost is available. Note that
the implicit localhost does not match 'all'

2024-11-16 18:13:06,324 p=14675 u=thiagoduda n=ansible | PLAY [all] *********************************************************************
2024-11-16 18:13:06,324 p=14675 u=thiagoduda n=ansible | skipping: no hosts matched
2024-11-16 18:13:06,325 p=14675 u=thiagoduda n=ansible | PLAY RECAP *********************************************************************
2024-11-16 19:28:20,109 p=14950 u=thiagoduda n=ansible | [WARNING]: Unable to parse /home/thiagoduda/repogit/UTN-
FRA_SO_Examenes/202406/ansible/inventario as an inventory source

2024-11-16 19:28:20,109 p=14950 u=thiagoduda n=ansible | [WARNING]: No inventory was parsed, only implicit localhost is available

2024-11-16 19:28:20,121 p=14950 u=thiagoduda n=ansible | [WARNING]: provided hosts list is empty, only localhost is available. Note that
the implicit localhost does not match 'all'

2024-11-16 19:28:20,406 p=14950 u=thiagoduda n=ansible | PLAY [all] *********************************************************************
2024-11-16 19:28:20,407 p=14950 u=thiagoduda n=ansible | skipping: no hosts matched
2024-11-16 19:28:20,407 p=14950 u=thiagoduda n=ansible | PLAY RECAP *********************************************************************
2024-11-16 19:32:03,084 p=14965 u=thiagoduda n=ansible | [WARNING]: A duplicate localhost-like entry was found (localhost). First found
localhost was 127.0.0.1

2024-11-16 19:32:03,466 p=14965 u=thiagoduda n=ansible | PLAY [all] *********************************************************************
2024-11-16 19:32:03,552 p=14965 u=thiagoduda n=ansible | TASK [Gathering Facts] *********************************************************
2024-11-16 19:32:03,931 p=14965 u=thiagoduda n=ansible | fatal: [127.0.0.1]: UNREACHABLE! => {"changed": false, "msg": "Failed to connect to the host via ssh: Warning: Permanently added '127.0.0.1' (ED25519) to the list of known hosts.\r\nthiagoduda@127.0.0.1: Permission denied (publickey).", "unreachable": true}
2024-11-16 19:32:07,969 p=14965 u=thiagoduda n=ansible | ok: [localhost]
2024-11-16 19:32:08,010 p=14965 u=thiagoduda n=ansible | TASK [include_role : 2do_parcial] **********************************************
2024-11-16 19:32:08,155 p=14965 u=thiagoduda n=ansible | TASK [2do_parcial : Generar archivo para alumno] *******************************
2024-11-16 19:32:10,177 p=14965 u=thiagoduda n=ansible | changed: [localhost]
2024-11-16 19:32:10,213 p=14965 u=thiagoduda n=ansible | TASK [2do_parcial : Generar archivo para equipo] *******************************
2024-11-16 19:32:11,851 p=14965 u=thiagoduda n=ansible | changed: [localhost]
2024-11-16 19:32:11,876 p=14965 u=thiagoduda n=ansible | TASK [Otra tarea] **************************************************************
2024-11-16 19:32:11,932 p=14965 u=thiagoduda n=ansible | ok: [localhost] => {
    "msg": "Despues de la ejecucion del rol"
}
2024-11-16 19:32:11,979 p=14965 u=thiagoduda n=ansible | PLAY RECAP *********************************************************************
2024-11-16 19:32:11,980 p=14965 u=thiagoduda n=ansible | 127.0.0.1                  : ok=0    changed=0    unreachable=1    failed=0    skipped=0    rescued=0    ignored=0   
2024-11-16 19:32:11,980 p=14965 u=thiagoduda n=ansible | localhost                  : ok=4    changed=2    unreachable=0    failed=0    skipped=0    rescued=0    ignored=0   
